1717250959: mosquitto version 2.0.18 starting
1717250959: Config loaded from /mosquitto/config/mosquitto.conf.
1717250959: Error: Unable to open pwfile "/mosquitto/config/mosquitto.passwd".
1717250959: Error opening password file "/mosquitto/config/mosquitto.passwd".
1717250960: mosquitto version 2.0.18 starting
1717250960: Config loaded from /mosquitto/config/mosquitto.conf.
1717250960: Error: Unable to open pwfile "/mosquitto/config/mosquitto.passwd".
1717250960: Error opening password file "/mosquitto/config/mosquitto.passwd".
1717250961: mosquitto version 2.0.18 starting
1717250961: Config loaded from /mosquitto/config/mosquitto.conf.
1717250961: Error: Unable to open pwfile "/mosquitto/config/mosquitto.passwd".
1717250961: Error opening password file "/mosquitto/config/mosquitto.passwd".
1717250961: mosquitto version 2.0.18 starting
1717250961: Config loaded from /mosquitto/config/mosquitto.conf.
1717250961: Error: Unable to open pwfile "/mosquitto/config/mosquitto.passwd".
1717250961: Error opening password file "/mosquitto/config/mosquitto.passwd".
1717250962: mosquitto version 2.0.18 starting
1717250962: Config loaded from /mosquitto/config/mosquitto.conf.
1717250962: Error: Unable to open pwfile "/mosquitto/config/mosquitto.passwd".
1717250962: Error opening password file "/mosquitto/config/mosquitto.passwd".
1717250964: mosquitto version 2.0.18 starting
1717250964: Config loaded from /mosquitto/config/mosquitto.conf.
1717250964: Error: Unable to open pwfile "/mosquitto/config/mosquitto.passwd".
1717250964: Error opening password file "/mosquitto/config/mosquitto.passwd".
1717250968: mosquitto version 2.0.18 starting
1717250968: Config loaded from /mosquitto/config/mosquitto.conf.
1717250968: Error: Unable to open pwfile "/mosquitto/config/mosquitto.passwd".
1717250968: Error opening password file "/mosquitto/config/mosquitto.passwd".
1717250970: mosquitto version 2.0.18 starting
1717250970: Config loaded from /mosquitto/config/mosquitto.conf.
1717250970: Error: Unable to open pwfile "/mosquitto/config/mosquitto.passwd".
1717250970: Error opening password file "/mosquitto/config/mosquitto.passwd".
1717250971: mosquitto version 2.0.18 starting
1717250971: Config loaded from /mosquitto/config/mosquitto.conf.
1717250971: Error: Unable to open pwfile "/mosquitto/config/mosquitto.passwd".
1717250971: Error opening password file "/mosquitto/config/mosquitto.passwd".
1717250971: mosquitto version 2.0.18 starting
1717250971: Config loaded from /mosquitto/config/mosquitto.conf.
1717250971: Error: Unable to open pwfile "/mosquitto/config/mosquitto.passwd".
1717250971: Error opening password file "/mosquitto/config/mosquitto.passwd".
1717250972: mosquitto version 2.0.18 starting
1717250972: Config loaded from /mosquitto/config/mosquitto.conf.
1717250972: Error: Unable to open pwfile "/mosquitto/config/mosquitto.passwd".
1717250972: Error opening password file "/mosquitto/config/mosquitto.passwd".
1717250973: mosquitto version 2.0.18 starting
1717250973: Config loaded from /mosquitto/config/mosquitto.conf.
1717250973: Error: Unable to open pwfile "/mosquitto/config/mosquitto.passwd".
1717250973: Error opening password file "/mosquitto/config/mosquitto.passwd".
1717250975: mosquitto version 2.0.18 starting
1717250975: Config loaded from /mosquitto/config/mosquitto.conf.
1717250975: Error: Unable to open pwfile "/mosquitto/config/mosquitto.passwd".
1717250975: Error opening password file "/mosquitto/config/mosquitto.passwd".
1717250979: mosquitto version 2.0.18 starting
1717250979: Config loaded from /mosquitto/config/mosquitto.conf.
1717250979: Error: Unable to open pwfile "/mosquitto/config/mosquitto.passwd".
1717250979: Error opening password file "/mosquitto/config/mosquitto.passwd".
1717250985: mosquitto version 2.0.18 starting
1717250985: Config loaded from /mosquitto/config/mosquitto.conf.
1717250985: Error: Unable to open pwfile "/mosquitto/config/mosquitto.passwd".
1717250985: Error opening password file "/mosquitto/config/mosquitto.passwd".
1717250999: mosquitto version 2.0.18 starting
1717250999: Config loaded from /mosquitto/config/mosquitto.conf.
1717250999: Error: Unable to open pwfile "/mosquitto/config/mosquitto.passwd".
1717250999: Error opening password file "/mosquitto/config/mosquitto.passwd".
1717251025: mosquitto version 2.0.18 starting
1717251025: Config loaded from /mosquitto/config/mosquitto.conf.
1717251025: Error: Unable to open pwfile "/mosquitto/config/mosquitto.passwd".
1717251025: Error opening password file "/mosquitto/config/mosquitto.passwd".
1717251075: mosquitto version 2.0.18 starting
1717251075: Config loaded from /mosquitto/config/mosquitto.conf.
1717251075: Error: Unable to open pwfile "/mosquitto/config/mosquitto.passwd".
1717251075: Error opening password file "/mosquitto/config/mosquitto.passwd".
1717251075: mosquitto version 2.0.18 starting
1717251075: Config loaded from /mosquitto/config/mosquitto.conf.
1717251075: Error: Unable to open pwfile "/mosquitto/config/mosquitto.passwd".
1717251075: Error opening password file "/mosquitto/config/mosquitto.passwd".
1717251076: mosquitto version 2.0.18 starting
1717251076: Config loaded from /mosquitto/config/mosquitto.conf.
1717251076: Error: Unable to open pwfile "/mosquitto/config/mosquitto.passwd".
1717251076: Error opening password file "/mosquitto/config/mosquitto.passwd".
1717251077: mosquitto version 2.0.18 starting
1717251077: Config loaded from /mosquitto/config/mosquitto.conf.
1717251077: Error: Unable to open pwfile "/mosquitto/config/mosquitto.passwd".
1717251077: Error opening password file "/mosquitto/config/mosquitto.passwd".
1717251078: mosquitto version 2.0.18 starting
1717251078: Config loaded from /mosquitto/config/mosquitto.conf.
1717251078: Error: Unable to open pwfile "/mosquitto/config/mosquitto.passwd".
1717251078: Error opening password file "/mosquitto/config/mosquitto.passwd".
1717251080: mosquitto version 2.0.18 starting
1717251080: Config loaded from /mosquitto/config/mosquitto.conf.
1717251080: Error: Unable to open pwfile "/mosquitto/config/mosquitto.passwd".
1717251080: Error opening password file "/mosquitto/config/mosquitto.passwd".
1717251084: mosquitto version 2.0.18 starting
1717251084: Config loaded from /mosquitto/config/mosquitto.conf.
1717251084: Error: Unable to open pwfile "/mosquitto/config/mosquitto.passwd".
1717251084: Error opening password file "/mosquitto/config/mosquitto.passwd".
1717251091: mosquitto version 2.0.18 starting
1717251091: Config loaded from /mosquitto/config/mosquitto.conf.
1717251091: Error: Unable to open pwfile "/mosquitto/config/mosquitto.passwd".
1717251091: Error opening password file "/mosquitto/config/mosquitto.passwd".
1717251104: mosquitto version 2.0.18 starting
1717251104: Config loaded from /mosquitto/config/mosquitto.conf.
1717251104: Error: Unable to open pwfile "/mosquitto/config/mosquitto.passwd".
1717251104: Error opening password file "/mosquitto/config/mosquitto.passwd".
1717251130: mosquitto version 2.0.18 starting
1717251130: Config loaded from /mosquitto/config/mosquitto.conf.
1717251130: Error: Unable to open pwfile "/mosquitto/config/mosquitto.passwd".
1717251130: Error opening password file "/mosquitto/config/mosquitto.passwd".
1717251145: mosquitto version 2.0.18 starting
1717251145: Config loaded from /mosquitto/config/mosquitto.conf.
1717251145: Error: Unable to open pwfile "/mosquitto/config/mosquitto.passwd".
1717251145: Error opening password file "/mosquitto/config/mosquitto.passwd".
1717251146: mosquitto version 2.0.18 starting
1717251146: Config loaded from /mosquitto/config/mosquitto.conf.
1717251146: Error: Unable to open pwfile "/mosquitto/config/mosquitto.passwd".
1717251146: Error opening password file "/mosquitto/config/mosquitto.passwd".
1717251146: mosquitto version 2.0.18 starting
1717251146: Config loaded from /mosquitto/config/mosquitto.conf.
1717251146: Error: Unable to open pwfile "/mosquitto/config/mosquitto.passwd".
1717251146: Error opening password file "/mosquitto/config/mosquitto.passwd".
1717251147: mosquitto version 2.0.18 starting
1717251147: Config loaded from /mosquitto/config/mosquitto.conf.
1717251147: Error: Unable to open pwfile "/mosquitto/config/mosquitto.passwd".
1717251147: Error opening password file "/mosquitto/config/mosquitto.passwd".
1717251148: mosquitto version 2.0.18 starting
1717251148: Config loaded from /mosquitto/config/mosquitto.conf.
1717251148: Error: Unable to open pwfile "/mosquitto/config/mosquitto.passwd".
1717251148: Error opening password file "/mosquitto/config/mosquitto.passwd".
1717251150: mosquitto version 2.0.18 starting
1717251150: Config loaded from /mosquitto/config/mosquitto.conf.
1717251150: Error: Unable to open pwfile "/mosquitto/config/mosquitto.passwd".
1717251150: Error opening password file "/mosquitto/config/mosquitto.passwd".
1717251154: mosquitto version 2.0.18 starting
1717251154: Config loaded from /mosquitto/config/mosquitto.conf.
1717251154: Error: Unable to open pwfile "/mosquitto/config/mosquitto.passwd".
1717251154: Error opening password file "/mosquitto/config/mosquitto.passwd".
1717251161: mosquitto version 2.0.18 starting
1717251161: Config loaded from /mosquitto/config/mosquitto.conf.
1717251161: Error: Unable to open pwfile "/mosquitto/config/mosquitto.passwd".
1717251161: Error opening password file "/mosquitto/config/mosquitto.passwd".
1717251174: mosquitto version 2.0.18 starting
1717251174: Config loaded from /mosquitto/config/mosquitto.conf.
1717251174: Error: Unable to open pwfile "/mosquitto/config/mosquitto.passwd".
1717251174: Error opening password file "/mosquitto/config/mosquitto.passwd".
1717251200: mosquitto version 2.0.18 starting
1717251200: Config loaded from /mosquitto/config/mosquitto.conf.
1717251200: Error: Unable to open pwfile "/mosquitto/config/mosquitto.passwd".
1717251200: Error opening password file "/mosquitto/config/mosquitto.passwd".
1717251209: mosquitto version 2.0.18 starting
1717251209: Config loaded from /mosquitto/config/mosquitto.conf.
1717251209: Error: Unable to open pwfile "/mosquitto/config/mosquitto.passwd".
1717251209: Error opening password file "/mosquitto/config/mosquitto.passwd".
1717251210: mosquitto version 2.0.18 starting
1717251210: Config loaded from /mosquitto/config/mosquitto.conf.
1717251210: Error: Unable to open pwfile "/mosquitto/config/mosquitto.passwd".
1717251210: Error opening password file "/mosquitto/config/mosquitto.passwd".
1717251210: mosquitto version 2.0.18 starting
1717251210: Config loaded from /mosquitto/config/mosquitto.conf.
1717251210: Error: Unable to open pwfile "/mosquitto/config/mosquitto.passwd".
1717251210: Error opening password file "/mosquitto/config/mosquitto.passwd".
1717251211: mosquitto version 2.0.18 starting
1717251211: Config loaded from /mosquitto/config/mosquitto.conf.
1717251211: Error: Unable to open pwfile "/mosquitto/config/mosquitto.passwd".
1717251211: Error opening password file "/mosquitto/config/mosquitto.passwd".
1717251212: mosquitto version 2.0.18 starting
1717251212: Config loaded from /mosquitto/config/mosquitto.conf.
1717251212: Error: Unable to open pwfile "/mosquitto/config/mosquitto.passwd".
1717251212: Error opening password file "/mosquitto/config/mosquitto.passwd".
1717251214: mosquitto version 2.0.18 starting
1717251214: Config loaded from /mosquitto/config/mosquitto.conf.
1717251214: Error: Unable to open pwfile "/mosquitto/config/mosquitto.passwd".
1717251214: Error opening password file "/mosquitto/config/mosquitto.passwd".
1717251218: mosquitto version 2.0.18 starting
1717251218: Config loaded from /mosquitto/config/mosquitto.conf.
1717251218: Error: Unable to open pwfile "/mosquitto/config/mosquitto.passwd".
1717251218: Error opening password file "/mosquitto/config/mosquitto.passwd".
1717251225: mosquitto version 2.0.18 starting
1717251225: Config loaded from /mosquitto/config/mosquitto.conf.
1717251225: Error: Unable to open pwfile "/mosquitto/config/mosquitto.passwd".
1717251225: Error opening password file "/mosquitto/config/mosquitto.passwd".
1717251238: mosquitto version 2.0.18 starting
1717251238: Config loaded from /mosquitto/config/mosquitto.conf.
1717251238: Error: Unable to open pwfile "/mosquitto/config/mosquitto.passwd".
1717251238: Error opening password file "/mosquitto/config/mosquitto.passwd".
1717251264: mosquitto version 2.0.18 starting
1717251264: Config loaded from /mosquitto/config/mosquitto.conf.
1717251264: Error: Unable to open pwfile "/mosquitto/config/mosquitto.passwd".
1717251264: Error opening password file "/mosquitto/config/mosquitto.passwd".
1717251323: mosquitto version 2.0.18 starting
1717251323: Config loaded from /mosquitto/config/mosquitto.conf.
1717251323: Error: Unable to open pwfile "/mosquitto/config/mosquitto.passwd".
1717251323: Error opening password file "/mosquitto/config/mosquitto.passwd".
1717251324: mosquitto version 2.0.18 starting
1717251324: Config loaded from /mosquitto/config/mosquitto.conf.
1717251324: Error: Unable to open pwfile "/mosquitto/config/mosquitto.passwd".
1717251324: Error opening password file "/mosquitto/config/mosquitto.passwd".
1717251325: mosquitto version 2.0.18 starting
1717251325: Config loaded from /mosquitto/config/mosquitto.conf.
1717251325: Error: Unable to open pwfile "/mosquitto/config/mosquitto.passwd".
1717251325: Error opening password file "/mosquitto/config/mosquitto.passwd".
1717251325: mosquitto version 2.0.18 starting
1717251325: Config loaded from /mosquitto/config/mosquitto.conf.
1717251325: Error: Unable to open pwfile "/mosquitto/config/mosquitto.passwd".
1717251325: Error opening password file "/mosquitto/config/mosquitto.passwd".
1717251326: mosquitto version 2.0.18 starting
1717251326: Config loaded from /mosquitto/config/mosquitto.conf.
1717251326: Error: Unable to open pwfile "/mosquitto/config/mosquitto.passwd".
1717251326: Error opening password file "/mosquitto/config/mosquitto.passwd".
1717251328: mosquitto version 2.0.18 starting
1717251328: Config loaded from /mosquitto/config/mosquitto.conf.
1717251328: Error: Unable to open pwfile "/mosquitto/config/mosquitto.passwd".
1717251328: Error opening password file "/mosquitto/config/mosquitto.passwd".
1717251332: mosquitto version 2.0.18 starting
1717251332: Config loaded from /mosquitto/config/mosquitto.conf.
1717251332: Error: Unable to open pwfile "/mosquitto/config/mosquitto.passwd".
1717251332: Error opening password file "/mosquitto/config/mosquitto.passwd".
1717251339: mosquitto version 2.0.18 starting
1717251339: Config loaded from /mosquitto/config/mosquitto.conf.
1717251339: Error: Unable to open pwfile "/mosquitto/config/mosquitto.passwd".
1717251339: Error opening password file "/mosquitto/config/mosquitto.passwd".
1717251352: mosquitto version 2.0.18 starting
1717251352: Config loaded from /mosquitto/config/mosquitto.conf.
1717251352: Error: Unable to open pwfile "/mosquitto/config/mosquitto.passwd".
1717251352: Error opening password file "/mosquitto/config/mosquitto.passwd".
1717251378: mosquitto version 2.0.18 starting
1717251378: Config loaded from /mosquitto/config/mosquitto.conf.
1717251378: Error: Unable to open pwfile "/mosquitto/config/mosquitto.passwd".
1717251378: Error opening password file "/mosquitto/config/mosquitto.passwd".
1717251429: mosquitto version 2.0.18 starting
1717251429: Config loaded from /mosquitto/config/mosquitto.conf.
1717251429: Error: Unable to open pwfile "/mosquitto/config/mosquitto.passwd".
1717251429: Error opening password file "/mosquitto/config/mosquitto.passwd".
1717251490: mosquitto version 2.0.18 starting
1717251490: Config loaded from /mosquitto/config/mosquitto.conf.
1717251490: Error: Unable to open pwfile "/mosquitto/config/mosquitto.passwd".
1717251490: Error opening password file "/mosquitto/config/mosquitto.passwd".
1717251550: mosquitto version 2.0.18 starting
1717251550: Config loaded from /mosquitto/config/mosquitto.conf.
1717251550: Error: Unable to open pwfile "/mosquitto/config/mosquitto.passwd".
1717251550: Error opening password file "/mosquitto/config/mosquitto.passwd".
1717251611: mosquitto version 2.0.18 starting
1717251611: Config loaded from /mosquitto/config/mosquitto.conf.
1717251611: Error: Unable to open pwfile "/mosquitto/config/mosquitto.passwd".
1717251611: Error opening password file "/mosquitto/config/mosquitto.passwd".
1717251671: mosquitto version 2.0.18 starting
1717251671: Config loaded from /mosquitto/config/mosquitto.conf.
1717251671: Error: Unable to open pwfile "/mosquitto/config/mosquitto.passwd".
1717251671: Error opening password file "/mosquitto/config/mosquitto.passwd".
1717251731: mosquitto version 2.0.18 starting
1717251731: Config loaded from /mosquitto/config/mosquitto.conf.
1717251731: Error: Unable to open pwfile "/mosquitto/config/mosquitto.passwd".
1717251731: Error opening password file "/mosquitto/config/mosquitto.passwd".
1717251792: mosquitto version 2.0.18 starting
1717251792: Config loaded from /mosquitto/config/mosquitto.conf.
1717251792: Error: Unable to open pwfile "/mosquitto/config/mosquitto.passwd".
1717251792: Error opening password file "/mosquitto/config/mosquitto.passwd".
1717251852: mosquitto version 2.0.18 starting
1717251852: Config loaded from /mosquitto/config/mosquitto.conf.
1717251852: Error: Unable to open pwfile "/mosquitto/config/mosquitto.passwd".
1717251852: Error opening password file "/mosquitto/config/mosquitto.passwd".
1717251912: mosquitto version 2.0.18 starting
1717251912: Config loaded from /mosquitto/config/mosquitto.conf.
1717251912: Error: Unable to open pwfile "/mosquitto/config/mosquitto.passwd".
1717251912: Error opening password file "/mosquitto/config/mosquitto.passwd".
1717251973: mosquitto version 2.0.18 starting
1717251973: Config loaded from /mosquitto/config/mosquitto.conf.
1717251973: Error: Unable to open pwfile "/mosquitto/config/mosquitto.passwd".
1717251973: Error opening password file "/mosquitto/config/mosquitto.passwd".
1717252033: mosquitto version 2.0.18 starting
1717252033: Config loaded from /mosquitto/config/mosquitto.conf.
1717252033: Error: Unable to open pwfile "/mosquitto/config/mosquitto.passwd".
1717252033: Error opening password file "/mosquitto/config/mosquitto.passwd".
1717252094: mosquitto version 2.0.18 starting
1717252094: Config loaded from /mosquitto/config/mosquitto.conf.
1717252094: Error: Unable to open pwfile "/mosquitto/config/mosquitto.passwd".
1717252094: Error opening password file "/mosquitto/config/mosquitto.passwd".
1717252154: mosquitto version 2.0.18 starting
1717252154: Config loaded from /mosquitto/config/mosquitto.conf.
1717252154: Error: Unable to open pwfile "/mosquitto/config/mosquitto.passwd".
1717252154: Error opening password file "/mosquitto/config/mosquitto.passwd".
1717252214: mosquitto version 2.0.18 starting
1717252214: Config loaded from /mosquitto/config/mosquitto.conf.
1717252214: Error: Unable to open pwfile "/mosquitto/config/mosquitto.passwd".
1717252214: Error opening password file "/mosquitto/config/mosquitto.passwd".
1717252275: mosquitto version 2.0.18 starting
1717252275: Config loaded from /mosquitto/config/mosquitto.conf.
1717252275: Error: Unable to open pwfile "/mosquitto/config/mosquitto.passwd".
1717252275: Error opening password file "/mosquitto/config/mosquitto.passwd".
1717252335: mosquitto version 2.0.18 starting
1717252335: Config loaded from /mosquitto/config/mosquitto.conf.
1717252335: Error: Unable to open pwfile "/mosquitto/config/mosquitto.passwd".
1717252335: Error opening password file "/mosquitto/config/mosquitto.passwd".
1717252396: mosquitto version 2.0.18 starting
1717252396: Config loaded from /mosquitto/config/mosquitto.conf.
1717252396: Error: Unable to open pwfile "/mosquitto/config/mosquitto.passwd".
1717252396: Error opening password file "/mosquitto/config/mosquitto.passwd".
1717252456: mosquitto version 2.0.18 starting
1717252456: Config loaded from /mosquitto/config/mosquitto.conf.
1717252456: Error: Unable to open pwfile "/mosquitto/config/mosquitto.passwd".
1717252456: Error opening password file "/mosquitto/config/mosquitto.passwd".
1717252516: mosquitto version 2.0.18 starting
1717252516: Config loaded from /mosquitto/config/mosquitto.conf.
1717252516: Error: Unable to open pwfile "/mosquitto/config/mosquitto.passwd".
1717252516: Error opening password file "/mosquitto/config/mosquitto.passwd".
1717252577: mosquitto version 2.0.18 starting
1717252577: Config loaded from /mosquitto/config/mosquitto.conf.
1717252577: Error: Unable to open pwfile "/mosquitto/config/mosquitto.passwd".
1717252577: Error opening password file "/mosquitto/config/mosquitto.passwd".
1717252637: mosquitto version 2.0.18 starting
1717252637: Config loaded from /mosquitto/config/mosquitto.conf.
1717252637: Error: Unable to open pwfile "/mosquitto/config/mosquitto.passwd".
1717252637: Error opening password file "/mosquitto/config/mosquitto.passwd".
1717252698: mosquitto version 2.0.18 starting
1717252698: Config loaded from /mosquitto/config/mosquitto.conf.
1717252698: Error: Unable to open pwfile "/mosquitto/config/mosquitto.passwd".
1717252698: Error opening password file "/mosquitto/config/mosquitto.passwd".
1717252758: mosquitto version 2.0.18 starting
1717252758: Config loaded from /mosquitto/config/mosquitto.conf.
1717252758: Error: Unable to open pwfile "/mosquitto/config/mosquitto.passwd".
1717252758: Error opening password file "/mosquitto/config/mosquitto.passwd".
1717252819: mosquitto version 2.0.18 starting
1717252819: Config loaded from /mosquitto/config/mosquitto.conf.
1717252819: Error: Unable to open pwfile "/mosquitto/config/mosquitto.passwd".
1717252819: Error opening password file "/mosquitto/config/mosquitto.passwd".
1717252879: mosquitto version 2.0.18 starting
1717252879: Config loaded from /mosquitto/config/mosquitto.conf.
1717252879: Error: Unable to open pwfile "/mosquitto/config/mosquitto.passwd".
1717252879: Error opening password file "/mosquitto/config/mosquitto.passwd".
1717252939: mosquitto version 2.0.18 starting
1717252939: Config loaded from /mosquitto/config/mosquitto.conf.
1717252939: Error: Unable to open pwfile "/mosquitto/config/mosquitto.passwd".
1717252939: Error opening password file "/mosquitto/config/mosquitto.passwd".
1717253000: mosquitto version 2.0.18 starting
1717253000: Config loaded from /mosquitto/config/mosquitto.conf.
1717253000: Error: Unable to open pwfile "/mosquitto/config/mosquitto.passwd".
1717253000: Error opening password file "/mosquitto/config/mosquitto.passwd".
1717253060: mosquitto version 2.0.18 starting
1717253060: Config loaded from /mosquitto/config/mosquitto.conf.
1717253060: Error: Unable to open pwfile "/mosquitto/config/mosquitto.passwd".
1717253060: Error opening password file "/mosquitto/config/mosquitto.passwd".
1717253120: mosquitto version 2.0.18 starting
1717253120: Config loaded from /mosquitto/config/mosquitto.conf.
1717253120: Error: Unable to open pwfile "/mosquitto/config/mosquitto.passwd".
1717253120: Error opening password file "/mosquitto/config/mosquitto.passwd".
1717253181: mosquitto version 2.0.18 starting
1717253181: Config loaded from /mosquitto/config/mosquitto.conf.
1717253181: Error: Unable to open pwfile "/mosquitto/config/mosquitto.passwd".
1717253181: Error opening password file "/mosquitto/config/mosquitto.passwd".
1717253241: mosquitto version 2.0.18 starting
1717253241: Config loaded from /mosquitto/config/mosquitto.conf.
1717253241: Error: Unable to open pwfile "/mosquitto/config/mosquitto.passwd".
1717253241: Error opening password file "/mosquitto/config/mosquitto.passwd".
1717253302: mosquitto version 2.0.18 starting
1717253302: Config loaded from /mosquitto/config/mosquitto.conf.
1717253302: Error: Unable to open pwfile "/mosquitto/config/mosquitto.passwd".
1717253302: Error opening password file "/mosquitto/config/mosquitto.passwd".
1717253362: mosquitto version 2.0.18 starting
1717253362: Config loaded from /mosquitto/config/mosquitto.conf.
1717253362: Error: Unable to open pwfile "/mosquitto/config/mosquitto.passwd".
1717253362: Error opening password file "/mosquitto/config/mosquitto.passwd".
1717253422: mosquitto version 2.0.18 starting
1717253422: Config loaded from /mosquitto/config/mosquitto.conf.
1717253422: Error: Unable to open pwfile "/mosquitto/config/mosquitto.passwd".
1717253422: Error opening password file "/mosquitto/config/mosquitto.passwd".
1717253483: mosquitto version 2.0.18 starting
1717253483: Config loaded from /mosquitto/config/mosquitto.conf.
1717253483: Error: Unable to open pwfile "/mosquitto/config/mosquitto.passwd".
1717253483: Error opening password file "/mosquitto/config/mosquitto.passwd".
1717253543: mosquitto version 2.0.18 starting
1717253543: Config loaded from /mosquitto/config/mosquitto.conf.
1717253543: Error: Unable to open pwfile "/mosquitto/config/mosquitto.passwd".
1717253543: Error opening password file "/mosquitto/config/mosquitto.passwd".
1717253604: mosquitto version 2.0.18 starting
1717253604: Config loaded from /mosquitto/config/mosquitto.conf.
1717253604: Error: Unable to open pwfile "/mosquitto/config/mosquitto.passwd".
1717253604: Error opening password file "/mosquitto/config/mosquitto.passwd".
1717253664: mosquitto version 2.0.18 starting
1717253664: Config loaded from /mosquitto/config/mosquitto.conf.
1717253664: Error: Unable to open pwfile "/mosquitto/config/mosquitto.passwd".
1717253664: Error opening password file "/mosquitto/config/mosquitto.passwd".
1717253724: mosquitto version 2.0.18 starting
1717253724: Config loaded from /mosquitto/config/mosquitto.conf.
1717253724: Error: Unable to open pwfile "/mosquitto/config/mosquitto.passwd".
1717253724: Error opening password file "/mosquitto/config/mosquitto.passwd".
1717253785: mosquitto version 2.0.18 starting
1717253785: Config loaded from /mosquitto/config/mosquitto.conf.
1717253785: Error: Unable to open pwfile "/mosquitto/config/mosquitto.passwd".
1717253785: Error opening password file "/mosquitto/config/mosquitto.passwd".
1717253845: mosquitto version 2.0.18 starting
1717253845: Config loaded from /mosquitto/config/mosquitto.conf.
1717253845: Error: Unable to open pwfile "/mosquitto/config/mosquitto.passwd".
1717253845: Error opening password file "/mosquitto/config/mosquitto.passwd".
1717253906: mosquitto version 2.0.18 starting
1717253906: Config loaded from /mosquitto/config/mosquitto.conf.
1717253906: Error: Unable to open pwfile "/mosquitto/config/mosquitto.passwd".
1717253906: Error opening password file "/mosquitto/config/mosquitto.passwd".
1717253966: mosquitto version 2.0.18 starting
1717253966: Config loaded from /mosquitto/config/mosquitto.conf.
1717253966: Error: Unable to open pwfile "/mosquitto/config/mosquitto.passwd".
1717253966: Error opening password file "/mosquitto/config/mosquitto.passwd".
1717254026: mosquitto version 2.0.18 starting
1717254026: Config loaded from /mosquitto/config/mosquitto.conf.
1717254026: Error: Unable to open pwfile "/mosquitto/config/mosquitto.passwd".
1717254026: Error opening password file "/mosquitto/config/mosquitto.passwd".
1717254087: mosquitto version 2.0.18 starting
1717254087: Config loaded from /mosquitto/config/mosquitto.conf.
1717254087: Error: Unable to open pwfile "/mosquitto/config/mosquitto.passwd".
1717254087: Error opening password file "/mosquitto/config/mosquitto.passwd".
1717254147: mosquitto version 2.0.18 starting
1717254147: Config loaded from /mosquitto/config/mosquitto.conf.
1717254147: Error: Unable to open pwfile "/mosquitto/config/mosquitto.passwd".
1717254147: Error opening password file "/mosquitto/config/mosquitto.passwd".
1717254208: mosquitto version 2.0.18 starting
1717254208: Config loaded from /mosquitto/config/mosquitto.conf.
1717254208: Error: Unable to open pwfile "/mosquitto/config/mosquitto.passwd".
1717254208: Error opening password file "/mosquitto/config/mosquitto.passwd".
1717254268: mosquitto version 2.0.18 starting
1717254268: Config loaded from /mosquitto/config/mosquitto.conf.
1717254268: Error: Unable to open pwfile "/mosquitto/config/mosquitto.passwd".
1717254268: Error opening password file "/mosquitto/config/mosquitto.passwd".
1717254328: mosquitto version 2.0.18 starting
1717254328: Config loaded from /mosquitto/config/mosquitto.conf.
1717254328: Error: Unable to open pwfile "/mosquitto/config/mosquitto.passwd".
1717254328: Error opening password file "/mosquitto/config/mosquitto.passwd".
1717254389: mosquitto version 2.0.18 starting
1717254389: Config loaded from /mosquitto/config/mosquitto.conf.
1717254389: Error: Unable to open pwfile "/mosquitto/config/mosquitto.passwd".
1717254389: Error opening password file "/mosquitto/config/mosquitto.passwd".
1717254449: mosquitto version 2.0.18 starting
1717254449: Config loaded from /mosquitto/config/mosquitto.conf.
1717254449: Error: Unable to open pwfile "/mosquitto/config/mosquitto.passwd".
1717254449: Error opening password file "/mosquitto/config/mosquitto.passwd".
1717254509: mosquitto version 2.0.18 starting
1717254509: Config loaded from /mosquitto/config/mosquitto.conf.
1717254509: Error: Unable to open pwfile "/mosquitto/config/mosquitto.passwd".
1717254509: Error opening password file "/mosquitto/config/mosquitto.passwd".
1717254570: mosquitto version 2.0.18 starting
1717254570: Config loaded from /mosquitto/config/mosquitto.conf.
1717254570: Error: Unable to open pwfile "/mosquitto/config/mosquitto.passwd".
1717254570: Error opening password file "/mosquitto/config/mosquitto.passwd".
1717254630: mosquitto version 2.0.18 starting
1717254630: Config loaded from /mosquitto/config/mosquitto.conf.
1717254630: Error: Unable to open pwfile "/mosquitto/config/mosquitto.passwd".
1717254630: Error opening password file "/mosquitto/config/mosquitto.passwd".
1717254691: mosquitto version 2.0.18 starting
1717254691: Config loaded from /mosquitto/config/mosquitto.conf.
1717254691: Error: Unable to open pwfile "/mosquitto/config/mosquitto.passwd".
1717254691: Error opening password file "/mosquitto/config/mosquitto.passwd".
1717254751: mosquitto version 2.0.18 starting
1717254751: Config loaded from /mosquitto/config/mosquitto.conf.
1717254751: Error: Unable to open pwfile "/mosquitto/config/mosquitto.passwd".
1717254751: Error opening password file "/mosquitto/config/mosquitto.passwd".
1717254811: mosquitto version 2.0.18 starting
1717254811: Config loaded from /mosquitto/config/mosquitto.conf.
1717254811: Error: Unable to open pwfile "/mosquitto/config/mosquitto.passwd".
1717254811: Error opening password file "/mosquitto/config/mosquitto.passwd".
1717254872: mosquitto version 2.0.18 starting
1717254872: Config loaded from /mosquitto/config/mosquitto.conf.
1717254872: Error: Unable to open pwfile "/mosquitto/config/mosquitto.passwd".
1717254872: Error opening password file "/mosquitto/config/mosquitto.passwd".
1717254932: mosquitto version 2.0.18 starting
1717254932: Config loaded from /mosquitto/config/mosquitto.conf.
1717254932: Error: Unable to open pwfile "/mosquitto/config/mosquitto.passwd".
1717254932: Error opening password file "/mosquitto/config/mosquitto.passwd".
1717254992: mosquitto version 2.0.18 starting
1717254992: Config loaded from /mosquitto/config/mosquitto.conf.
1717254992: Error: Unable to open pwfile "/mosquitto/config/mosquitto.passwd".
1717254992: Error opening password file "/mosquitto/config/mosquitto.passwd".
1717255053: mosquitto version 2.0.18 starting
1717255053: Config loaded from /mosquitto/config/mosquitto.conf.
1717255053: Error: Unable to open pwfile "/mosquitto/config/mosquitto.passwd".
1717255053: Error opening password file "/mosquitto/config/mosquitto.passwd".
1717255113: mosquitto version 2.0.18 starting
1717255113: Config loaded from /mosquitto/config/mosquitto.conf.
1717255113: Error: Unable to open pwfile "/mosquitto/config/mosquitto.passwd".
1717255113: Error opening password file "/mosquitto/config/mosquitto.passwd".
1717255174: mosquitto version 2.0.18 starting
1717255174: Config loaded from /mosquitto/config/mosquitto.conf.
1717255174: Error: Unable to open pwfile "/mosquitto/config/mosquitto.passwd".
1717255174: Error opening password file "/mosquitto/config/mosquitto.passwd".
1717255234: mosquitto version 2.0.18 starting
1717255234: Config loaded from /mosquitto/config/mosquitto.conf.
1717255234: Error: Unable to open pwfile "/mosquitto/config/mosquitto.passwd".
1717255234: Error opening password file "/mosquitto/config/mosquitto.passwd".
1717319661: mosquitto version 2.0.18 starting
1717319661: Config loaded from /mosquitto/config/mosquitto.conf.
1717319661: Error: Unable to open pwfile "/mosquitto/config/mosquitto.passwd".
1717319661: Error opening password file "/mosquitto/config/mosquitto.passwd".
1717319662: mosquitto version 2.0.18 starting
1717319662: Config loaded from /mosquitto/config/mosquitto.conf.
1717319662: Error: Unable to open pwfile "/mosquitto/config/mosquitto.passwd".
1717319662: Error opening password file "/mosquitto/config/mosquitto.passwd".
1717319663: mosquitto version 2.0.18 starting
1717319663: Config loaded from /mosquitto/config/mosquitto.conf.
1717319663: Error: Unable to open pwfile "/mosquitto/config/mosquitto.passwd".
1717319663: Error opening password file "/mosquitto/config/mosquitto.passwd".
1717319664: mosquitto version 2.0.18 starting
1717319664: Config loaded from /mosquitto/config/mosquitto.conf.
1717319664: Error: Unable to open pwfile "/mosquitto/config/mosquitto.passwd".
1717319664: Error opening password file "/mosquitto/config/mosquitto.passwd".
1717319665: mosquitto version 2.0.18 starting
1717319665: Config loaded from /mosquitto/config/mosquitto.conf.
1717319665: Error: Unable to open pwfile "/mosquitto/config/mosquitto.passwd".
1717319665: Error opening password file "/mosquitto/config/mosquitto.passwd".
1717319667: mosquitto version 2.0.18 starting
1717319667: Config loaded from /mosquitto/config/mosquitto.conf.
1717319667: Error: Unable to open pwfile "/mosquitto/config/mosquitto.passwd".
1717319667: Error opening password file "/mosquitto/config/mosquitto.passwd".
1717319670: mosquitto version 2.0.18 starting
1717319670: Config loaded from /mosquitto/config/mosquitto.conf.
1717319670: Error: Unable to open pwfile "/mosquitto/config/mosquitto.passwd".
1717319670: Error opening password file "/mosquitto/config/mosquitto.passwd".
1717319677: mosquitto version 2.0.18 starting
1717319677: Config loaded from /mosquitto/config/mosquitto.conf.
1717319677: Error: Unable to open pwfile "/mosquitto/config/mosquitto.passwd".
1717319677: Error opening password file "/mosquitto/config/mosquitto.passwd".
1717319690: mosquitto version 2.0.18 starting
1717319690: Config loaded from /mosquitto/config/mosquitto.conf.
1717319690: Error: Unable to open pwfile "/mosquitto/config/mosquitto.passwd".
1717319690: Error opening password file "/mosquitto/config/mosquitto.passwd".
1717319716: mosquitto version 2.0.18 starting
1717319716: Config loaded from /mosquitto/config/mosquitto.conf.
1717319716: Error: Unable to open pwfile "/mosquitto/config/mosquitto.passwd".
1717319716: Error opening password file "/mosquitto/config/mosquitto.passwd".
1717319767: mosquitto version 2.0.18 starting
1717319767: Config loaded from /mosquitto/config/mosquitto.conf.
1717319767: Error: Unable to open pwfile "/mosquitto/config/mosquitto.passwd".
1717319767: Error opening password file "/mosquitto/config/mosquitto.passwd".
1717319828: mosquitto version 2.0.18 starting
1717319828: Config loaded from /mosquitto/config/mosquitto.conf.
1717319828: Error: Unable to open pwfile "/mosquitto/config/mosquitto.passwd".
1717319828: Error opening password file "/mosquitto/config/mosquitto.passwd".
1717319888: mosquitto version 2.0.18 starting
1717319888: Config loaded from /mosquitto/config/mosquitto.conf.
1717319888: Error: Unable to open pwfile "/mosquitto/config/mosquitto.passwd".
1717319888: Error opening password file "/mosquitto/config/mosquitto.passwd".
1717319949: mosquitto version 2.0.18 starting
1717319949: Config loaded from /mosquitto/config/mosquitto.conf.
1717319949: Error: Unable to open pwfile "/mosquitto/config/mosquitto.passwd".
1717319949: Error opening password file "/mosquitto/config/mosquitto.passwd".
1717320009: mosquitto version 2.0.18 starting
1717320009: Config loaded from /mosquitto/config/mosquitto.conf.
1717320009: Error: Unable to open pwfile "/mosquitto/config/mosquitto.passwd".
1717320009: Error opening password file "/mosquitto/config/mosquitto.passwd".
1717320069: mosquitto version 2.0.18 starting
1717320069: Config loaded from /mosquitto/config/mosquitto.conf.
1717320069: Error: Unable to open pwfile "/mosquitto/config/mosquitto.passwd".
1717320069: Error opening password file "/mosquitto/config/mosquitto.passwd".
1717320130: mosquitto version 2.0.18 starting
1717320130: Config loaded from /mosquitto/config/mosquitto.conf.
1717320130: Error: Unable to open pwfile "/mosquitto/config/mosquitto.passwd".
1717320130: Error opening password file "/mosquitto/config/mosquitto.passwd".
1717320243: mosquitto version 2.0.18 starting
1717320243: Config loaded from /mosquitto/config/mosquitto.conf.
1717320243: Error: Unable to open pwfile "/mosquitto/config/mosquitto.passwd".
1717320243: Error opening password file "/mosquitto/config/mosquitto.passwd".
1717320244: mosquitto version 2.0.18 starting
1717320244: Config loaded from /mosquitto/config/mosquitto.conf.
1717320244: Error: Unable to open pwfile "/mosquitto/config/mosquitto.passwd".
1717320244: Error opening password file "/mosquitto/config/mosquitto.passwd".
1717320245: mosquitto version 2.0.18 starting
1717320245: Config loaded from /mosquitto/config/mosquitto.conf.
1717320245: Error: Unable to open pwfile "/mosquitto/config/mosquitto.passwd".
1717320245: Error opening password file "/mosquitto/config/mosquitto.passwd".
1717320245: mosquitto version 2.0.18 starting
1717320245: Config loaded from /mosquitto/config/mosquitto.conf.
1717320245: Error: Unable to open pwfile "/mosquitto/config/mosquitto.passwd".
1717320245: Error opening password file "/mosquitto/config/mosquitto.passwd".
1717320246: mosquitto version 2.0.18 starting
1717320246: Config loaded from /mosquitto/config/mosquitto.conf.
1717320246: Error: Unable to open pwfile "/mosquitto/config/mosquitto.passwd".
1717320246: Error opening password file "/mosquitto/config/mosquitto.passwd".
1717320248: mosquitto version 2.0.18 starting
1717320248: Config loaded from /mosquitto/config/mosquitto.conf.
1717320248: Error: Unable to open pwfile "/mosquitto/config/mosquitto.passwd".
1717320248: Error opening password file "/mosquitto/config/mosquitto.passwd".
1717320252: mosquitto version 2.0.18 starting
1717320252: Config loaded from /mosquitto/config/mosquitto.conf.
1717320252: Error: Unable to open pwfile "/mosquitto/config/mosquitto.passwd".
1717320252: Error opening password file "/mosquitto/config/mosquitto.passwd".
1717320259: mosquitto version 2.0.18 starting
1717320259: Config loaded from /mosquitto/config/mosquitto.conf.
1717320259: Error: Unable to open pwfile "/mosquitto/config/mosquitto.passwd".
1717320259: Error opening password file "/mosquitto/config/mosquitto.passwd".
1717320272: mosquitto version 2.0.18 starting
1717320272: Config loaded from /mosquitto/config/mosquitto.conf.
1717320272: Error: Unable to open pwfile "/mosquitto/config/mosquitto.passwd".
1717320272: Error opening password file "/mosquitto/config/mosquitto.passwd".
1717320298: mosquitto version 2.0.18 starting
1717320298: Config loaded from /mosquitto/config/mosquitto.conf.
1717320298: Error: Unable to open pwfile "/mosquitto/config/mosquitto.passwd".
1717320298: Error opening password file "/mosquitto/config/mosquitto.passwd".
1717320349: mosquitto version 2.0.18 starting
1717320349: Config loaded from /mosquitto/config/mosquitto.conf.
1717320349: Error: Unable to open pwfile "/mosquitto/config/mosquitto.passwd".
1717320349: Error opening password file "/mosquitto/config/mosquitto.passwd".
1717320533: mosquitto version 2.0.18 starting
1717320533: Config loaded from /mosquitto/config/mosquitto.conf.
1717320533: Error: Unable to open pwfile "/mosquitto/config/mosquitto.passwd".
1717320533: Error opening password file "/mosquitto/config/mosquitto.passwd".
1717320534: mosquitto version 2.0.18 starting
1717320534: Config loaded from /mosquitto/config/mosquitto.conf.
1717320534: Error: Unable to open pwfile "/mosquitto/config/mosquitto.passwd".
1717320534: Error opening password file "/mosquitto/config/mosquitto.passwd".
1717320534: mosquitto version 2.0.18 starting
1717320534: Config loaded from /mosquitto/config/mosquitto.conf.
1717320534: Error: Unable to open pwfile "/mosquitto/config/mosquitto.passwd".
1717320534: Error opening password file "/mosquitto/config/mosquitto.passwd".
1717320535: mosquitto version 2.0.18 starting
1717320535: Config loaded from /mosquitto/config/mosquitto.conf.
1717320535: Error: Unable to open pwfile "/mosquitto/config/mosquitto.passwd".
1717320535: Error opening password file "/mosquitto/config/mosquitto.passwd".
1717320536: mosquitto version 2.0.18 starting
1717320536: Config loaded from /mosquitto/config/mosquitto.conf.
1717320536: Error: Unable to open pwfile "/mosquitto/config/mosquitto.passwd".
1717320536: Error opening password file "/mosquitto/config/mosquitto.passwd".
1717320538: mosquitto version 2.0.18 starting
1717320538: Config loaded from /mosquitto/config/mosquitto.conf.
1717320538: Error: Unable to open pwfile "/mosquitto/config/mosquitto.passwd".
1717320538: Error opening password file "/mosquitto/config/mosquitto.passwd".
1717320542: mosquitto version 2.0.18 starting
1717320542: Config loaded from /mosquitto/config/mosquitto.conf.
1717320542: Error: Unable to open pwfile "/mosquitto/config/mosquitto.passwd".
1717320542: Error opening password file "/mosquitto/config/mosquitto.passwd".
1717320548: mosquitto version 2.0.18 starting
1717320548: Config loaded from /mosquitto/config/mosquitto.conf.
1717320548: Error: Unable to open pwfile "/mosquitto/config/mosquitto.passwd".
1717320548: Error opening password file "/mosquitto/config/mosquitto.passwd".
1717320562: mosquitto version 2.0.18 starting
1717320562: Config loaded from /mosquitto/config/mosquitto.conf.
1717320562: Error: Unable to open pwfile "/mosquitto/config/mosquitto.passwd".
1717320562: Error opening password file "/mosquitto/config/mosquitto.passwd".
1717320588: mosquitto version 2.0.18 starting
1717320588: Config loaded from /mosquitto/config/mosquitto.conf.
1717320588: Error: Unable to open pwfile "/mosquitto/config/mosquitto.passwd".
1717320588: Error opening password file "/mosquitto/config/mosquitto.passwd".
1717320639: mosquitto version 2.0.18 starting
1717320639: Config loaded from /mosquitto/config/mosquitto.conf.
1717320639: Error: Unable to open pwfile "/mosquitto/config/mosquitto.passwd".
1717320639: Error opening password file "/mosquitto/config/mosquitto.passwd".
1717320699: mosquitto version 2.0.18 starting
1717320699: Config loaded from /mosquitto/config/mosquitto.conf.
1717320699: Error: Unable to open pwfile "/mosquitto/config/mosquitto.passwd".
1717320699: Error opening password file "/mosquitto/config/mosquitto.passwd".
1717320760: mosquitto version 2.0.18 starting
1717320760: Config loaded from /mosquitto/config/mosquitto.conf.
1717320760: Error: Unable to open pwfile "/mosquitto/config/mosquitto.passwd".
1717320760: Error opening password file "/mosquitto/config/mosquitto.passwd".
1717320820: mosquitto version 2.0.18 starting
1717320820: Config loaded from /mosquitto/config/mosquitto.conf.
1717320820: Error: Unable to open pwfile "/mosquitto/config/mosquitto.passwd".
1717320820: Error opening password file "/mosquitto/config/mosquitto.passwd".
1717320880: mosquitto version 2.0.18 starting
1717320880: Config loaded from /mosquitto/config/mosquitto.conf.
1717320880: Error: Unable to open pwfile "/mosquitto/config/mosquitto.passwd".
1717320880: Error opening password file "/mosquitto/config/mosquitto.passwd".
1717320941: mosquitto version 2.0.18 starting
1717320941: Config loaded from /mosquitto/config/mosquitto.conf.
1717320941: Error: Unable to open pwfile "/mosquitto/config/mosquitto.passwd".
1717320941: Error opening password file "/mosquitto/config/mosquitto.passwd".
1717321001: mosquitto version 2.0.18 starting
1717321001: Config loaded from /mosquitto/config/mosquitto.conf.
1717321001: Opening ipv4 listen socket on port 8883.
1717321001: Opening ipv4 listen socket on port 1883.
1717321001: Error: Unable to load CA certificates. Check cafile "/mosquitto/mosquitto_certs/ca.crt".
1717321001: Error: Unable to load server certificate "/mosquitto/mosquitto_certs/server.crt". Check certfile.
1717321001: OpenSSL Error[0]: error:02FFF002:system library:func(4095):No such file or directory
1717321001: OpenSSL Error[1]: error:20FFF080:BIO routines:CRYPTO_internal:no such file
1717321001: OpenSSL Error[2]: error:0BFFF002:x509 certificate routines:CRYPTO_internal:system lib
1717321001: OpenSSL Error[3]: error:02FFF002:system library:func(4095):No such file or directory
1717321001: OpenSSL Error[4]: error:20FFF002:BIO routines:CRYPTO_internal:system lib
1717321001: OpenSSL Error[5]: error:14FFF002:SSL routines:(UNKNOWN)SSL_internal:system lib
1717321061: mosquitto version 2.0.18 starting
1717321061: Config loaded from /mosquitto/config/mosquitto.conf.
1717321061: Opening ipv4 listen socket on port 8883.
1717321061: Opening ipv4 listen socket on port 1883.
1717321061: Error: Unable to load CA certificates. Check cafile "/mosquitto/mosquitto_certs/ca.crt".
1717321061: Error: Unable to load server certificate "/mosquitto/mosquitto_certs/server.crt". Check certfile.
1717321061: OpenSSL Error[0]: error:02FFF002:system library:func(4095):No such file or directory
1717321061: OpenSSL Error[1]: error:20FFF080:BIO routines:CRYPTO_internal:no such file
1717321061: OpenSSL Error[2]: error:0BFFF002:x509 certificate routines:CRYPTO_internal:system lib
1717321061: OpenSSL Error[3]: error:02FFF002:system library:func(4095):No such file or directory
1717321061: OpenSSL Error[4]: error:20FFF002:BIO routines:CRYPTO_internal:system lib
1717321061: OpenSSL Error[5]: error:14FFF002:SSL routines:(UNKNOWN)SSL_internal:system lib
1717321122: mosquitto version 2.0.18 starting
1717321122: Config loaded from /mosquitto/config/mosquitto.conf.
1717321122: Opening ipv4 listen socket on port 8883.
1717321122: Opening ipv4 listen socket on port 1883.
1717321122: mosquitto version 2.0.18 running
1717321900: mosquitto version 2.0.18 terminating
1717321900: Saving in-memory database to /mosquitto/data//mosquitto.db.
1717321908: mosquitto version 2.0.18 starting
1717321908: Config loaded from /mosquitto/config/mosquitto.conf.
1717321908: Opening ipv4 listen socket on port 8883.
1717321908: Opening ipv4 listen socket on port 1883.
1717321908: mosquitto version 2.0.18 running
1717323708: Saving in-memory database to /mosquitto/data//mosquitto.db.
1717323962: mosquitto version 2.0.18 terminating
1717323962: Saving in-memory database to /mosquitto/data//mosquitto.db.
1717325561: mosquitto version 2.0.18 starting
1717325561: Config loaded from /mosquitto/config/mosquitto.conf.
1717325561: Opening ipv4 listen socket on port 8883.
1717325561: Opening ipv4 listen socket on port 1883.
1717325561: mosquitto version 2.0.18 running
1717325847: New connection from 172.20.0.1:42664 on port 1883.
1717325847: New client connected from 172.20.0.1:42664 as auto-BCF32ACA-2DAD-8967-1A27-431D3C41F135 (p2, c1, k60).
1717325847: Client auto-BCF32ACA-2DAD-8967-1A27-431D3C41F135 disconnected.
1717325873: New connection from 172.20.0.1:41252 on port 1883.
1717325873: New client connected from 172.20.0.1:41252 as auto-02C1D5E3-11A3-2339-C980-BFF9672C4E44 (p2, c1, k60).
1717325878: New connection from 172.20.0.1:59896 on port 1883.
1717325878: New client connected from 172.20.0.1:59896 as auto-ABDD7F77-688A-5EA1-9515-07E3A201A3E9 (p2, c1, k60).
1717325878: Client auto-ABDD7F77-688A-5EA1-9515-07E3A201A3E9 disconnected.
1717326331: Client auto-02C1D5E3-11A3-2339-C980-BFF9672C4E44 closed its connection.
1717326342: New connection from 172.20.0.1:36512 on port 1883.
1717326342: New client connected from 172.20.0.1:36512 as auto-F8CFC79D-6A74-7B8E-9ADD-0F38851BA2FC (p2, c1, k60).
1717326342: Client auto-F8CFC79D-6A74-7B8E-9ADD-0F38851BA2FC disconnected.
1717326535: mosquitto version 2.0.18 terminating
1717326535: Saving in-memory database to /mosquitto/data//mosquitto.db.
1717326548: mosquitto version 2.0.18 starting
1717326548: Config loaded from /mosquitto/config/mosquitto.conf.
1717326548: Opening ipv4 listen socket on port 8883.
1717326548: Opening ipv4 listen socket on port 1883.
1717326548: mosquitto version 2.0.18 running
1717326730: New connection from 172.20.0.1:36480 on port 8883.
1717326730: Client <unknown> disconnected due to protocol error.
1717326838: New connection from 172.20.0.1:56006 on port 8883.
1717326838: Client <unknown> disconnected due to protocol error.
1717326990: New connection from 172.20.0.1:52610 on port 8883.
1717326990: Client <unknown> disconnected due to protocol error.
1717326996: mosquitto version 2.0.18 terminating
1717326996: Saving in-memory database to /mosquitto/data//mosquitto.db.
1717326998: mosquitto version 2.0.18 starting
1717326998: Config loaded from /mosquitto/config/mosquitto.conf.
1717326998: Opening ipv4 listen socket on port 8883.
1717326998: Opening ipv4 listen socket on port 1883.
1717326998: mosquitto version 2.0.18 running
1717327004: New connection from 172.20.0.1:57516 on port 8883.
1717327005: Client <unknown> disconnected due to protocol error.
1717327020: New connection from 172.20.0.1:34556 on port 8883.
1717327020: Client <unknown> disconnected due to protocol error.
1717327033: New connection from 172.20.0.1:56812 on port 8883.
1717327034: Client <unknown> disconnected due to protocol error.
1717327043: mosquitto version 2.0.18 terminating
1717327043: Saving in-memory database to /mosquitto/data//mosquitto.db.
1717327045: mosquitto version 2.0.18 starting
1717327045: Config loaded from /mosquitto/config/mosquitto.conf.
1717327045: Opening ipv4 listen socket on port 8883.
1717327045: Opening ipv4 listen socket on port 1883.
1717327045: mosquitto version 2.0.18 running
1717327049: New connection from 172.20.0.1:37264 on port 8883.
1717327049: Client <unknown> disconnected due to protocol error.
1717327097: mosquitto version 2.0.18 terminating
1717327097: Saving in-memory database to /mosquitto/data//mosquitto.db.
1717327099: mosquitto version 2.0.18 starting
1717327099: Config loaded from /mosquitto/config/mosquitto.conf.
1717327099: Opening ipv4 listen socket on port 8883.
1717327099: Opening ipv4 listen socket on port 1883.
1717327099: mosquitto version 2.0.18 running
1717327105: New connection from 172.20.0.1:36342 on port 8883.
1717327105: Client <unknown> disconnected due to protocol error.
1717327133: mosquitto version 2.0.18 terminating
1717327133: Saving in-memory database to /mosquitto/data//mosquitto.db.
1717327135: mosquitto version 2.0.18 starting
1717327135: Config loaded from /mosquitto/config/mosquitto.conf.
1717327135: Opening ipv4 listen socket on port 8883.
1717327135: Opening ipv4 listen socket on port 1883.
1717327135: mosquitto version 2.0.18 running
1717327156: New connection from 172.20.0.1:45148 on port 8883.
1717327156: Client <unknown> disconnected due to protocol error.
1717327336: New connection from 172.20.0.1:43982 on port 8883.
1717327336: Client <unknown> disconnected due to protocol error.
1717328028: New connection from 172.20.0.1:55664 on port 8883.
1717328028: Client <unknown> disconnected due to protocol error.
1717328068: New connection from 172.20.0.1:42192 on port 8883.
1717328068: Client <unknown> disconnected due to protocol error.
1717328100: New connection from 172.20.0.1:60508 on port 8883.
1717328100: Client <unknown> disconnected due to protocol error.
1717328458: New connection from 172.20.0.1:46578 on port 8883.
1717328458: Client <unknown> disconnected due to protocol error.
1717328460: New connection from 172.20.0.1:46584 on port 8883.
1717328460: Client <unknown> disconnected due to protocol error.
1717328555: New connection from 172.20.0.1:45200 on port 8883.
1717328555: Client <unknown> disconnected due to protocol error.
1717328818: New connection from 172.20.0.1:59922 on port 1883.
1717328818: OpenSSL Error[0]: error:1402542E:SSL routines:ACCEPT_SR_CLNT_HELLO:tlsv1 alert protocol version
1717328818: Client <unknown> disconnected: Protocol error.
1717328845: Client connection from 172.20.0.1 failed: error:1402542E:SSL routines:ACCEPT_SR_CLNT_HELLO:tlsv1 alert protocol version.
1717328851: mosquitto version 2.0.18 terminating
1717328851: Saving in-memory database to /mosquitto/data//mosquitto.db.
1717328853: mosquitto version 2.0.18 starting
1717328853: Config loaded from /mosquitto/config/mosquitto.conf.
1717328853: Opening ipv4 listen socket on port 8883.
1717328853: Opening ipv4 listen socket on port 1883.
1717328853: mosquitto version 2.0.18 running
1717328859: New connection from 172.20.0.1:44530 on port 1883.
1717328859: New client connected from 172.20.0.1:44530 as auto-51E618D3-0B59-7F74-3609-B7A0D5588FE6 (p2, c1, k60, u'Algorithm').
1717328892: New connection from 172.20.0.1:43286 on port 1883.
1717328892: New client connected from 172.20.0.1:43286 as auto-7490A916-BD24-2CC8-AB9A-506D6A94F8FD (p2, c1, k60, u'Algorithm').
1717328892: Client auto-7490A916-BD24-2CC8-AB9A-506D6A94F8FD disconnected.
1717328919: mosquitto version 2.0.18 terminating
1717328919: Saving in-memory database to /mosquitto/data//mosquitto.db.
1717328921: mosquitto version 2.0.18 starting
1717328921: Config loaded from /mosquitto/config/mosquitto.conf.
1717328921: Opening ipv4 listen socket on port 8883.
1717328921: Opening ipv4 listen socket on port 1883.
1717328921: mosquitto version 2.0.18 running
1717328921: New connection from 172.20.0.1:52212 on port 1883.
1717328921: New client connected from 172.20.0.1:52212 as auto-D7D8381D-6A26-D039-3264-9E6226106088 (p2, c1, k60, u'Algorithm').
1717328946: New connection from 172.20.0.1:46632 on port 1883.
1717328946: New client connected from 172.20.0.1:46632 as auto-E785A528-AE6F-2090-B814-538EEEF32921 (p2, c1, k60, u'Algorithm').
1717328946: Client auto-E785A528-AE6F-2090-B814-538EEEF32921 disconnected.
1717328974: New connection from 172.20.0.1:50552 on port 1883.
1717328974: New client connected from 172.20.0.1:50552 as auto-BA59F3EB-2FCF-CC09-F36F-92DDB44CEF43 (p2, c1, k60, u'BS').
1717328974: Client auto-BA59F3EB-2FCF-CC09-F36F-92DDB44CEF43 disconnected.
1717329053: mosquitto version 2.0.18 terminating
1717329053: Saving in-memory database to /mosquitto/data//mosquitto.db.
1717329055: mosquitto version 2.0.18 starting
1717329055: Config loaded from /mosquitto/config/mosquitto.conf.
1717329055: Opening ipv4 listen socket on port 8883.
1717329055: Opening ipv4 listen socket on port 1883.
1717329055: mosquitto version 2.0.18 running
1717329056: New connection from 172.20.0.1:59540 on port 1883.
1717329056: New client connected from 172.20.0.1:59540 as auto-6D14A04F-286F-86C7-31B8-8494866A16D6 (p2, c1, k60, u'Algorithm').
1717329067: mosquitto version 2.0.18 terminating
1717329067: Saving in-memory database to /mosquitto/data//mosquitto.db.
1717329069: mosquitto version 2.0.18 starting
1717329069: Config loaded from /mosquitto/config/mosquitto.conf.
1717329069: Opening ipv4 listen socket on port 8883.
1717329069: Opening ipv4 listen socket on port 1883.
1717329069: mosquitto version 2.0.18 running
1717329070: Client connection from 172.20.0.1 failed: error:1402542E:SSL routines:ACCEPT_SR_CLNT_HELLO:tlsv1 alert protocol version.
1717329274: New connection from 172.20.0.1:33414 on port 8883.
1717329274: Client <unknown> disconnected due to protocol error.
1717329582: mosquitto version 2.0.18 terminating
1717329582: Saving in-memory database to /mosquitto/data//mosquitto.db.
1717329584: mosquitto version 2.0.18 starting
1717329584: Config loaded from /mosquitto/config/mosquitto.conf.
1717329584: Opening ipv4 listen socket on port 8883.
1717329584: Opening ipv4 listen socket on port 1883.
1717329584: mosquitto version 2.0.18 running
1717329620: New connection from 172.20.0.1:37764 on port 8883.
1717329620: Client <unknown> disconnected due to protocol error.
1717329679: New connection from 172.20.0.1:59274 on port 8883.
1717329679: Client <unknown> disconnected due to protocol error.
1717329893: New connection from 172.20.0.1:34036 on port 8883.
1717329893: Client <unknown> disconnected due to protocol error.
1717329958: New connection from 172.20.0.1:49006 on port 8883.
1717329958: Client <unknown> disconnected due to protocol error.
1717329962: New connection from 172.20.0.1:49016 on port 8883.
1717329962: Client <unknown> disconnected due to protocol error.
1717330182: New connection from 172.20.0.1:52024 on port 8883.
1717330182: Client <unknown> disconnected due to protocol error.
1717330293: New connection from 172.20.0.1:41920 on port 8883.
1717330293: Client <unknown> disconnected due to protocol error.
1717330352: New connection from 172.20.0.1:51820 on port 8883.
1717330352: Client <unknown> disconnected due to protocol error.
1717336040: New connection from 172.20.0.1:54594 on port 8883.
1717336040: Client <unknown> disconnected due to protocol error.
1717336368: Saving in-memory database to /mosquitto/data//mosquitto.db.
1717336491: New connection from 172.20.0.1:32854 on port 8883.
1717336491: Client <unknown> disconnected due to protocol error.
1717336999: New connection from 127.0.0.1:39842 on port 8883.
1717336999: Client <unknown> closed its connection.
1717337568: New connection from 127.0.0.1:56894 on port 8883.
1717337568: Client <unknown> closed its connection.
1717337610: mosquitto version 2.0.18 terminating
1717337610: Saving in-memory database to /mosquitto/data//mosquitto.db.
1717338805: mosquitto version 2.0.18 starting
1717338805: Config loaded from /mosquitto/config/mosquitto.conf.
1717338805: Opening ipv4 listen socket on port 8883.
1717338805: Opening ipv6 listen socket on port 8883.
1717338805: mosquitto version 2.0.18 running
1717338821: mosquitto version 2.0.18 terminating
1717338821: Saving in-memory database to /mosquitto/data//mosquitto.db.
1717339083: mosquitto version 2.0.18 starting
1717339083: Config loaded from /mosquitto/config/mosquitto.conf.
1717339083: Opening ipv4 listen socket on port 8883.
1717339083: Opening ipv4 listen socket on port 1883.
1717339083: mosquitto version 2.0.18 running
1717339099: New connection from 127.0.0.1:43102 on port 8883.
1717339099: Client <unknown> closed its connection.
1717343262: mosquitto version 2.0.18 terminating
1717343262: Saving in-memory database to /mosquitto/data//mosquitto.db.
1717343265: mosquitto version 2.0.18 starting
1717343265: Config loaded from /mosquitto/config/mosquitto.conf.
1717343265: Opening ipv4 listen socket on port 8883.
1717343265: Opening ipv4 listen socket on port 1883.
1717343265: mosquitto version 2.0.18 running
1717343294: New connection from 172.20.0.1:59384 on port 8883.
1717343294: Client <unknown> disconnected due to protocol error.
1717343326: mosquitto version 2.0.18 terminating
1717343326: Saving in-memory database to /mosquitto/data//mosquitto.db.
1717343328: mosquitto version 2.0.18 starting
1717343328: Config loaded from /mosquitto/config/mosquitto.conf.
1717343328: Opening ipv4 listen socket on port 8883.
1717343328: Opening ipv4 listen socket on port 1883.
1717343328: mosquitto version 2.0.18 running
1717343334: New connection from 172.20.0.1:39086 on port 8883.
1717343334: Client <unknown> disconnected due to protocol error.
1717343352: mosquitto version 2.0.18 terminating
1717343352: Saving in-memory database to /mosquitto/data//mosquitto.db.
1717343359: mosquitto version 2.0.18 starting
1717343359: Config loaded from /mosquitto/config/mosquitto.conf.
1717343359: Opening ipv4 listen socket on port 8883.
1717343359: Opening ipv4 listen socket on port 1883.
1717343359: mosquitto version 2.0.18 running
1717343396: New connection from 172.20.0.1:38472 on port 8883.
1717343396: Client <unknown> disconnected due to protocol error.
1717343554: New connection from 172.20.0.1:51756 on port 8883.
1717343554: Client <unknown> disconnected due to protocol error.
1717343581: New connection from 172.20.0.1:49412 on port 8883.
1717343582: Client <unknown> disconnected due to protocol error.
1717343631: New connection from 127.0.0.1:44558 on port 8883.
1717343631: Client <unknown> closed its connection.
1717343644: mosquitto version 2.0.18 terminating
1717343644: Saving in-memory database to /mosquitto/data//mosquitto.db.
1717343663: mosquitto version 2.0.18 starting
1717343663: Config loaded from /mosquitto/config/mosquitto.conf.
1717343663: Opening ipv4 listen socket on port 8883.
1717343663: Opening ipv4 listen socket on port 1883.
1717343663: mosquitto version 2.0.18 running
1717343670: New connection from 127.0.0.1:37580 on port 8883.
1717343670: Client <unknown> closed its connection.
1717343706: New connection from 127.0.0.1:37498 on port 8883.
1717343706: Client <unknown> closed its connection.
1717343827: New connection from 172.20.0.1:54878 on port 8883.
1717343828: Client <unknown> disconnected due to protocol error.
1717343867: New connection from 172.20.0.1:41530 on port 8883.
1717343867: Client <unknown> disconnected due to protocol error.
1717343943: mosquitto version 2.0.18 terminating
1717343943: Saving in-memory database to /mosquitto/data//mosquitto.db.
1717343944: mosquitto version 2.0.18 starting
1717343944: Config loaded from /mosquitto/config/mosquitto.conf.
1717343944: Opening ipv4 listen socket on port 8883.
1717343944: Opening ipv4 listen socket on port 1883.
1717343944: mosquitto version 2.0.18 running
1717343950: New connection from 172.20.0.1:44972 on port 8883.
1717343950: Client <unknown> disconnected due to protocol error.
1717344056: New connection from 172.20.0.1:47818 on port 1883.
1717344056: New client connected from 172.20.0.1:47818 as auto-34690D44-C7B0-C4DA-268F-66D7C6F7293D (p2, c1, k60, u'Algorithm').
1717344056: Client auto-34690D44-C7B0-C4DA-268F-66D7C6F7293D disconnected.
1717344066: New connection from 172.20.0.1:39668 on port 1883.
1717344066: New client connected from 172.20.0.1:39668 as auto-316FB431-EF34-F1E5-3868-4FF90DD2CA22 (p2, c1, k60, u'Algorithm').
1717344066: Client auto-316FB431-EF34-F1E5-3868-4FF90DD2CA22 disconnected.
1717344144: New connection from 172.20.0.1:41710 on port 1883.
1717344144: New client connected from 172.20.0.1:41710 as auto-E3EAAA75-28A9-3AF3-CCC7-6458A44CF367 (p2, c1, k60, u'BS').
1717344153: Client auto-E3EAAA75-28A9-3AF3-CCC7-6458A44CF367 closed its connection.
1717344324: New connection from 172.20.0.1:47810 on port 1883.
1717344324: New client connected from 172.20.0.1:47810 as auto-B085910D-098F-92BE-C8D8-2B9CE3DBF7EB (p2, c1, k60, u'BS').
1717344337: New connection from 172.20.0.1:41082 on port 1883.
1717344337: New client connected from 172.20.0.1:41082 as auto-74513357-E301-5B79-435B-BFFA5EBBF93C (p2, c1, k60, u'BS').
1717344346: Client auto-74513357-E301-5B79-435B-BFFA5EBBF93C closed its connection.
1717344444: Client auto-B085910D-098F-92BE-C8D8-2B9CE3DBF7EB closed its connection.
1717344445: New connection from 172.20.0.1:53118 on port 1883.
1717344445: New client connected from 172.20.0.1:53118 as auto-CA8A931F-0E9D-41C6-324B-DF657892735B (p2, c1, k60, u'BS').
1717344511: New connection from 172.20.0.1:35302 on port 1883.
1717344511: New client connected from 172.20.0.1:35302 as auto-C1EF37E1-F2D7-2900-4048-E848B4690D73 (p2, c1, k60, u'BS').
1717344543: Client auto-C1EF37E1-F2D7-2900-4048-E848B4690D73 closed its connection.
1717344544: New connection from 172.20.0.1:54958 on port 1883.
1717344544: New client connected from 172.20.0.1:54958 as auto-12BF1D9F-EE05-0F2D-70C9-AA4B31F16516 (p2, c1, k60, u'BS').
1717344578: Client auto-12BF1D9F-EE05-0F2D-70C9-AA4B31F16516 closed its connection.
1717344580: New connection from 172.20.0.1:35806 on port 1883.
1717344580: New client connected from 172.20.0.1:35806 as auto-5E6BCDDC-A800-1371-C805-35DC9EA0069B (p2, c1, k60, u'BS').
1717344609: Client auto-5E6BCDDC-A800-1371-C805-35DC9EA0069B closed its connection.
1717344621: New connection from 172.20.0.1:36728 on port 1883.
1717344621: New client connected from 172.20.0.1:36728 as auto-A9200B94-F458-770E-9497-03566AD78441 (p2, c1, k60, u'BS').
1717344630: Client auto-A9200B94-F458-770E-9497-03566AD78441 closed its connection.
1717344641: New connection from 172.20.0.1:52788 on port 1883.
1717344641: New client connected from 172.20.0.1:52788 as auto-3CA24810-4DBC-372A-C493-78B08FC00BFE (p2, c1, k60, u'BS').
1717344658: Client auto-3CA24810-4DBC-372A-C493-78B08FC00BFE closed its connection.
1717344783: New connection from 172.20.0.1:57828 on port 1883.
1717344783: New client connected from 172.20.0.1:57828 as auto-CB6917FA-E285-1649-75F4-49C9090EF28D (p2, c1, k60, u'Algorithm').
1717344796: Client auto-CA8A931F-0E9D-41C6-324B-DF657892735B closed its connection.
1717344824: New connection from 172.20.0.1:51802 on port 1883.
1717344824: New client connected from 172.20.0.1:51802 as auto-70AC1422-1099-A304-CBCE-0C44FC01FD10 (p2, c1, k60, u'BS').
1717344831: Client auto-70AC1422-1099-A304-CBCE-0C44FC01FD10 closed its connection.
1717344842: New connection from 172.20.0.1:53156 on port 1883.
1717344842: New client connected from 172.20.0.1:53156 as auto-F9E5C616-4065-2632-5592-0E7109DD1550 (p2, c1, k60, u'BS').
1717344842: Client auto-CB6917FA-E285-1649-75F4-49C9090EF28D closed its connection.
1717344952: New connection from 172.20.0.1:37232 on port 1883.
1717344952: New client connected from 172.20.0.1:37232 as auto-0CAD5428-8D3D-C403-58CB-653CCCCE4BF6 (p2, c1, k60, u'Algorithm').
1717344964: Client auto-0CAD5428-8D3D-C403-58CB-653CCCCE4BF6 closed its connection.
1717345001: Client auto-F9E5C616-4065-2632-5592-0E7109DD1550 closed its connection.
1717345295: New connection from 172.20.0.1:39726 on port 1883.
1717345295: New client connected from 172.20.0.1:39726 as auto-51996E24-9E10-A4EB-4A28-E871576B228B (p2, c1, k60, u'BS').
1717345303: Client auto-51996E24-9E10-A4EB-4A28-E871576B228B closed its connection.
1717345353: New connection from 172.20.0.1:34534 on port 1883.
1717345353: New client connected from 172.20.0.1:34534 as auto-FE97A354-8621-3FBD-3B2B-D3C2ECD702A3 (p2, c1, k60, u'BS').
1717345355: Client auto-FE97A354-8621-3FBD-3B2B-D3C2ECD702A3 closed its connection.
1717597676: mosquitto version 2.0.18 starting
1717597676: Config loaded from /mosquitto/config/mosquitto.conf.
1717597676: Opening ipv4 listen socket on port 8883.
1717597676: Opening ipv4 listen socket on port 1883.
1717597676: mosquitto version 2.0.18 running
1717597775: mosquitto version 2.0.18 terminating
1717597775: Saving in-memory database to /mosquitto/data//mosquitto.db.
1717597833: mosquitto version 2.0.18 starting
1717597833: Config loaded from /mosquitto/config/mosquitto.conf.
1717597833: Opening ipv4 listen socket on port 8883.
1717597833: Opening ipv4 listen socket on port 1883.
1717597833: mosquitto version 2.0.18 running
1717597855: mosquitto version 2.0.18 terminating
1717597855: Saving in-memory database to /mosquitto/data//mosquitto.db.
1717597859: mosquitto version 2.0.18 starting
1717597859: Config loaded from /mosquitto/config/mosquitto.conf.
1717597859: Opening ipv4 listen socket on port 8883.
1717597859: Opening ipv4 listen socket on port 1883.
1717597859: mosquitto version 2.0.18 running
1717599660: Saving in-memory database to /mosquitto/data//mosquitto.db.
1717600881: mosquitto version 2.0.18 terminating
1717600881: Saving in-memory database to /mosquitto/data//mosquitto.db.
